<?xml version="1.0" encoding="UTF-8"?>
<!-- Generated by org.testng.reporters.JUnitReportReporter -->
<testsuite skipped="0" hostname="DESKTOP-9JJCJEU" name="com.test.ng.Demo" tests="3" failures="0" timestamp="2022-03-03T12:20:44 IST" time="0.004" errors="0">
  <testcase name="TC03" time="0.001" classname="com.test.ng.Demo"/>
  <system-out/>
  <testcase name="TC02" time="0.002" classname="com.test.ng.Demo"/>
  <system-out/>
  <testcase name="TC01" time="0.001" classname="com.test.ng.Demo"/>
  <system-out/>
</testsuite> <!-- com.test.ng.Demo -->
