<?xml version="1.0" encoding="UTF-8"?>
<!-- Generated by org.testng.reporters.JUnitReportReporter -->
<testsuite skipped="0" hostname="DESKTOP-9JJCJEU" name="Automation1.Demo" tests="3" failures="0" timestamp="2022-02-28T16:15:48 IST" time="0.009" errors="0">
  <testcase name="TC03" time="0.005" classname="Automation1.Demo"/>
  <system-out/>
  <testcase name="TC02" time="0.001" classname="Automation1.Demo"/>
  <system-out/>
  <testcase name="TC01" time="0.003" classname="Automation1.Demo"/>
  <system-out/>
</testsuite> <!-- Automation1.Demo -->
