<?xml version="1.0" encoding="UTF-8"?>
<!-- Generated by org.testng.reporters.JUnitReportReporter -->
<testsuite skipped="0" hostname="DESKTOP-9JJCJEU" name="com.test.ng.Verification" tests="1" failures="0" timestamp="2022-03-01T18:16:24 IST" time="0.015" errors="0">
  <testcase name="test" time="0.015" classname="com.test.ng.Verification"/>
  <system-out/>
</testsuite> <!-- com.test.ng.Verification -->
