<?xml version="1.0" encoding="UTF-8"?>
<!-- Generated by org.testng.reporters.JUnitReportReporter -->
<testsuite skipped="0" hostname="DESKTOP-9JJCJEU" name="com.testng.testsuit.B" tests="1" failures="0" timestamp="2022-05-25T21:45:18 IST" time="0.003" errors="0">
  <testcase name="Tc06" time="0.003" classname="com.testng.testsuit.B"/>
  <system-out>
    <![CDATA[Test case -06 Passed]]>
  </system-out>
</testsuite> <!-- com.testng.testsuit.B -->
