<?xml version="1.0" encoding="UTF-8"?>
<!-- Generated by org.testng.reporters.JUnitReportReporter -->
<testsuite skipped="0" hostname="DESKTOP-9JJCJEU" name="com.test.ng.Sample" tests="1" failures="0" timestamp="2022-03-01T17:09:37 IST" time="7.384" errors="0">
  <testcase name="m1" time="7.384" classname="com.test.ng.Sample"/>
  <system-out/>
</testsuite> <!-- com.test.ng.Sample -->
