<?xml version="1.0" encoding="UTF-8"?>
<!-- Generated by org.testng.reporters.JUnitReportReporter -->
<testsuite skipped="0" hostname="DESKTOP-9JJCJEU" name="com.testng.testsuit.C" tests="2" failures="0" timestamp="2022-05-25T21:45:18 IST" time="0.002" errors="0">
  <testcase name="Tc08" time="0.001" classname="com.testng.testsuit.C"/>
  <system-out>
    <![CDATA[Test case -08 passed]]>
  </system-out>
  <testcase name="Tc09" time="0.001" classname="com.testng.testsuit.C"/>
  <system-out>
    <![CDATA[Test case -09 passed]]>
  </system-out>
</testsuite> <!-- com.testng.testsuit.C -->
