<?xml version="1.0" encoding="UTF-8"?>
<!-- Generated by org.testng.reporters.JUnitReportReporter -->
<testsuite skipped="0" hostname="DESKTOP-9JJCJEU" name="com.testng.crossbrowser.ParallelTest" tests="4" failures="0" timestamp="2022-04-23T10:48:07 IST" time="42.103" errors="0">
  <testcase name="tc01" time="5.846" classname="com.testng.crossbrowser.ParallelTest"/>
  <system-out/>
  <testcase name="tc04" time="10.150" classname="com.testng.crossbrowser.ParallelTest"/>
  <system-out/>
  <testcase name="tc02" time="4.923" classname="com.testng.crossbrowser.ParallelTest"/>
  <system-out/>
  <testcase name="tc03" time="21.184" classname="com.testng.crossbrowser.ParallelTest"/>
  <system-out/>
</testsuite> <!-- com.testng.crossbrowser.ParallelTest -->
