<?xml version="1.0" encoding="UTF-8"?>
<!-- Generated by org.testng.reporters.JUnitReportReporter -->
<testsuite skipped="0" hostname="DESKTOP-9JJCJEU" name="com.testng.crossbrowser.ParallelTest2" tests="4" failures="0" timestamp="2022-03-08T15:21:59 IST" time="22.606" errors="0">
  <testcase name="tc06" time="5.587" classname="com.testng.crossbrowser.ParallelTest2"/>
  <system-out/>
  <testcase name="tc07" time="5.671" classname="com.testng.crossbrowser.ParallelTest2"/>
  <system-out/>
  <testcase name="tc08" time="8.006" classname="com.testng.crossbrowser.ParallelTest2"/>
  <system-out/>
  <testcase name="tc05" time="3.342" classname="com.testng.crossbrowser.ParallelTest2"/>
  <system-out/>
</testsuite> <!-- com.testng.crossbrowser.ParallelTest2 -->
